<?xml version="1.0" encoding="UTF-8"?>
<!-- Generated by org.testng.reporters.JUnitReportReporter -->
<testsuite hostname="DESKTOP-SGFIFQM" failures="0" tests="1" name="computers.TC_DWS_002_Test" time="3.111" errors="0" timestamp="2025-05-10T21:48:04 IST" skipped="0">
  <testcase classname="computers.TC_DWS_002_Test" name="clickOnComputer" time="3.111">
    <system-out>
      <![CDATA[Computers Home Page Is  Displayed]]>
    </system-out>
  </testcase> <!-- clickOnComputer -->
  <system-out>
    <![CDATA[Computers Home Page Is  Displayed]]>
  </system-out>
</testsuite> <!-- computers.TC_DWS_002_Test -->
